# JRE version: Java(TM) SE Runtime Environment (8.0_201-b09) (build 1.8.0_201-b09)
# Java VM: Java HotSpot(TM) 64-Bit Server VM (25.201-b09 mixed mode windows-amd64 compressed oops)
Heap:
 PSYoungGen      total 113664K, used 36735K [0x00000000f5580000, 0x00000000ffe00000, 0x0000000100000000)
  eden space 93696K, 18% used [0x00000000f5580000,0x00000000f66488d8,0x00000000fb100000)
  from space 19968K, 97% used [0x00000000fb100000,0x00000000fc417360,0x00000000fc480000)
  to   space 39424K, 0% used [0x00000000fd780000,0x00000000fd780000,0x00000000ffe00000)
 ParOldGen       total 214528K, used 62623K [0x00000000e0000000, 0x00000000ed180000, 0x00000000f5580000)
  object space 214528K, 29% used [0x00000000e0000000,0x00000000e3d27ff0,0x00000000ed180000)
 Metaspace       used 56668K, capacity 59648K, committed 60416K, reserved 1101824K
  class space    used 7513K, capacity 8053K, committed 8192K, reserved 1048576K
GC Heap History (10 events):
Event: 4036.985 GC heap before
{Heap before GC invocations=24 (full 3):
 PSYoungGen      total 135168K, used 32216K [0x00000000f5580000, 0x0000000100000000, 0x0000000100000000)
  eden space 98816K, 0% used [0x00000000f5580000,0x00000000f5580000,0x00000000fb600000)
  from space 36352K, 88% used [0x00000000fb600000,0x00000000fd576380,0x00000000fd980000)
  to   space 39424K, 0% used [0x00000000fd980000,0x00000000fd980000,0x0000000100000000)
 ParOldGen       total 175104K, used 59216K [0x00000000e0000000, 0x00000000eab00000, 0x00000000f5580000)
  object space 175104K, 33% used [0x00000000e0000000,0x00000000e39d4358,0x00000000eab00000)
 Metaspace       used 55688K, capacity 58964K, committed 59160K, reserved 1099776K
  class space    used 7476K, capacity 8033K, committed 8064K, reserved 1048576K
Event: 4037.635 GC heap after
Heap after GC invocations=24 (full 3):
 PSYoungGen      total 135168K, used 0K [0x00000000f5580000, 0x0000000100000000, 0x0000000100000000)
  eden space 98816K, 0% used [0x00000000f5580000,0x00000000f5580000,0x00000000fb600000)
  from space 36352K, 0% used [0x00000000fb600000,0x00000000fb600000,0x00000000fd980000)
  to   space 39424K, 0% used [0x00000000fd980000,0x00000000fd980000,0x0000000100000000)
 ParOldGen       total 214528K, used 62599K [0x00000000e0000000, 0x00000000ed180000, 0x00000000f5580000)
  object space 214528K, 29% used [0x00000000e0000000,0x00000000e3d21ff0,0x00000000ed180000)
 Metaspace       used 55364K, capacity 58332K, committed 59160K, reserved 1099776K
  class space    used 7399K, capacity 7895K, committed 8064K, reserved 1048576K
}
Event: 4039.758 GC heap before
{Heap before GC invocations=25 (full 3):
 PSYoungGen      total 135168K, used 98816K [0x00000000f5580000, 0x0000000100000000, 0x0000000100000000)
  eden space 98816K, 100% used [0x00000000f5580000,0x00000000fb600000,0x00000000fb600000)
  from space 36352K, 0% used [0x00000000fb600000,0x00000000fb600000,0x00000000fd980000)
  to   space 39424K, 0% used [0x00000000fd980000,0x00000000fd980000,0x0000000100000000)
 ParOldGen       total 214528K, used 62599K [0x00000000e0000000, 0x00000000ed180000, 0x00000000f5580000)
  object space 214528K, 29% used [0x00000000e0000000,0x00000000e3d21ff0,0x00000000ed180000)
 Metaspace       used 56244K, capacity 59312K, committed 59904K, reserved 1101824K
  class space    used 7487K, capacity 8049K, committed 8192K, reserved 1048576K
Event: 4039.776 GC heap after
Heap after GC invocations=25 (full 3):
 PSYoungGen      total 133120K, used 3728K [0x00000000f5580000, 0x0000000100000000, 0x0000000100000000)
  eden space 93696K, 0% used [0x00000000f5580000,0x00000000f5580000,0x00000000fb100000)
  from space 39424K, 9% used [0x00000000fd980000,0x00000000fdd24010,0x0000000100000000)
  to   space 40448K, 0% used [0x00000000fb100000,0x00000000fb100000,0x00000000fd880000)
 ParOldGen       total 214528K, used 62607K [0x00000000e0000000, 0x00000000ed180000, 0x00000000f5580000)
  object space 214528K, 29% used [0x00000000e0000000,0x00000000e3d23ff0,0x00000000ed180000)
 Metaspace       used 56244K, capacity 59312K, committed 59904K, reserved 1101824K
  class space    used 7487K, capacity 8049K, committed 8192K, reserved 1048576K
}
Event: 4040.668 GC heap before
{Heap before GC invocations=26 (full 3):
 PSYoungGen      total 133120K, used 97424K [0x00000000f5580000, 0x0000000100000000, 0x0000000100000000)
  eden space 93696K, 100% used [0x00000000f5580000,0x00000000fb100000,0x00000000fb100000)
  from space 39424K, 9% used [0x00000000fd980000,0x00000000fdd24010,0x0000000100000000)
  to   space 40448K, 0% used [0x00000000fb100000,0x00000000fb100000,0x00000000fd880000)
 ParOldGen       total 214528K, used 62607K [0x00000000e0000000, 0x00000000ed180000, 0x00000000f5580000)
  object space 214528K, 29% used [0x00000000e0000000,0x00000000e3d23ff0,0x00000000ed180000)
 Metaspace       used 56252K, capacity 59312K, committed 59904K, reserved 1101824K
  class space    used 7487K, capacity 8049K, committed 8192K, reserved 1048576K
Event: 4040.685 GC heap after
Heap after GC invocations=26 (full 3):
 PSYoungGen      total 134144K, used 3952K [0x00000000f5580000, 0x0000000100000000, 0x0000000100000000)
  eden space 93696K, 0% used [0x00000000f5580000,0x00000000f5580000,0x00000000fb100000)
  from space 40448K, 9% used [0x00000000fb100000,0x00000000fb4dc010,0x00000000fd880000)
  to   space 40448K, 0% used [0x00000000fd880000,0x00000000fd880000,0x0000000100000000)
 ParOldGen       total 214528K, used 62607K [0x00000000e0000000, 0x00000000ed180000, 0x00000000f5580000)
  object space 214528K, 29% used [0x00000000e0000000,0x00000000e3d23ff0,0x00000000ed180000)
 Metaspace       used 56252K, capacity 59312K, committed 59904K, reserved 1101824K
  class space    used 7487K, capacity 8049K, committed 8192K, reserved 1048576K
}
Event: 4042.183 GC heap before
{Heap before GC invocations=27 (full 3):
 PSYoungGen      total 134144K, used 97648K [0x00000000f5580000, 0x0000000100000000, 0x0000000100000000)
  eden space 93696K, 100% used [0x00000000f5580000,0x00000000fb100000,0x00000000fb100000)
  from space 40448K, 9% used [0x00000000fb100000,0x00000000fb4dc010,0x00000000fd880000)
  to   space 40448K, 0% used [0x00000000fd880000,0x00000000fd880000,0x0000000100000000)
 ParOldGen       total 214528K, used 62607K [0x00000000e0000000, 0x00000000ed180000, 0x00000000f5580000)
  object space 214528K, 29% used [0x00000000e0000000,0x00000000e3d23ff0,0x00000000ed180000)
 Metaspace       used 56270K, capacity 59312K, committed 59904K, reserved 1101824K
  class space    used 7487K, capacity 8049K, committed 8192K, reserved 1048576K
Event: 4042.194 GC heap after
Heap after GC invocations=27 (full 3):
 PSYoungGen      total 134144K, used 4215K [0x00000000f5580000, 0x0000000100000000, 0x0000000100000000)
  eden space 93696K, 0% used [0x00000000f5580000,0x00000000f5580000,0x00000000fb100000)
  from space 40448K, 10% used [0x00000000fd880000,0x00000000fdc9ddc0,0x0000000100000000)
  to   space 40448K, 0% used [0x00000000fb100000,0x00000000fb100000,0x00000000fd880000)
 ParOldGen       total 214528K, used 62615K [0x00000000e0000000, 0x00000000ed180000, 0x00000000f5580000)
  object space 214528K, 29% used [0x00000000e0000000,0x00000000e3d25ff0,0x00000000ed180000)
 Metaspace       used 56270K, capacity 59312K, committed 59904K, reserved 1101824K
  class space    used 7487K, capacity 8049K, committed 8192K, reserved 1048576K
}
Event: 4043.700 GC heap before
{Heap before GC invocations=28 (full 3):
 PSYoungGen      total 134144K, used 97911K [0x00000000f5580000, 0x0000000100000000, 0x0000000100000000)
  eden space 93696K, 100% used [0x00000000f5580000,0x00000000fb100000,0x00000000fb100000)
  from space 40448K, 10% used [0x00000000fd880000,0x00000000fdc9ddc0,0x0000000100000000)
  to   space 40448K, 0% used [0x00000000fb100000,0x00000000fb100000,0x00000000fd880000)
 ParOldGen       total 214528K, used 62615K [0x00000000e0000000, 0x00000000ed180000, 0x00000000f5580000)
  object space 214528K, 29% used [0x00000000e0000000,0x00000000e3d25ff0,0x00000000ed180000)
 Metaspace       used 56651K, capacity 59648K, committed 60416K, reserved 1101824K
  class space    used 7512K, capacity 8053K, committed 8192K, reserved 1048576K
Event: 4043.778 GC heap after
Heap after GC invocations=28 (full 3):
 PSYoungGen      total 113664K, used 19548K [0x00000000f5580000, 0x00000000ffe00000, 0x0000000100000000)
  eden space 93696K, 0% used [0x00000000f5580000,0x00000000f5580000,0x00000000fb100000)
  from space 19968K, 97% used [0x00000000fb100000,0x00000000fc417360,0x00000000fc480000)
  to   space 39424K, 0% used [0x00000000fd780000,0x00000000fd780000,0x00000000ffe00000)
 ParOldGen       total 214528K, used 62623K [0x00000000e0000000, 0x00000000ed180000, 0x00000000f5580000)
  object space 214528K, 29% used [0x00000000e0000000,0x00000000e3d27ff0,0x00000000ed180000)
 Metaspace       used 56651K, capacity 59648K, committed 60416K, reserved 1101824K
  class space    used 7512K, capacity 8053K, committed 8192K, reserved 1048576K
}

